<?xml version="1.0" encoding="UTF-8"?>
<testsuites name="LiderLogin-LogOut" time="14" tests="4" failures="0" errors="0">
   <testsuite name="LiderLogin-LogOut" tests="4" failures="0" errors="0" time="14" timestamp="2018-11-26 15:21:26" hostname="SOPORTE - 192.168.1.154" id="Test Suites/Login/LiderLogin-LogOut">
      <properties>
         <property name="deviceName" value=""/>
         <property name="devicePlatform" value=""/>
         <property name="logFolder" value="C:\\wamp64\\www\\SCHEDUS\\Testing_SCHEDUS\\Reports\\Login\\LiderLogin-LogOut\\20181126_151927"/>
         <property name="logFiles" value="C:\\wamp64\\www\\SCHEDUS\\Testing_SCHEDUS\\Reports\\Login\\LiderLogin-LogOut\\20181126_151927\\execution0.log, C:\\wamp64\\www\\SCHEDUS\\Testing_SCHEDUS\\Reports\\Login\\LiderLogin-LogOut\\20181126_151927\\IEDriverServer.log"/>
         <property name="attachments" value=""/>
         <property name="hostName" value="SOPORTE - 192.168.1.154"/>
         <property name="os" value="Windows 10 64bit"/>
         <property name="katalonVersion" value="5.8.6.1"/>
         <property name="browser" value="IE 11"/>
         <property name="hostAddress" value="192.168.1.154"/>
         <property name="sessionId" value="572c1ede-82f4-4329-a7d8-01b79f5145ff"/>
         <property name="seleniumVersion" value="3.7.1"/>
         <property name="proxyInformation" value="ProxyInformation{proxyOption=NO_PROXY, proxyServerType=HTTP, password=, proxyServerAddress=, proxyServerPort=0}"/>
         <property name="platform" value="Windows 10"/>
      </properties>
      <testcase name="Test Cases/OpenBrowserAppProject" classname="Test Cases/OpenBrowserAppProject" status="PASSED">
         <system-out><![CDATA[2018-11-26 15:21:26 - [TEST_CASE][PASSED] - Test Cases/OpenBrowserAppProject: Test Cases/OpenBrowserAppProject

2018-11-26 15:21:26 - [TEST_STEP][PASSED] - openBrowser: Browser is opened with url: ''

2018-11-26 15:21:28 - [MESSAGE][PASSED] - Browser is opened with url: ''

2018-11-26 15:21:28 - [TEST_STEP][PASSED] - navigateToUrl: Navigate to 'http://localhost/SCHEDUS/' successfully

2018-11-26 15:21:29 - [MESSAGE][PASSED] - Navigate to 'http://localhost/SCHEDUS/' successfully

2018-11-26 15:21:29 - [TEST_STEP][PASSED] - waitForPageLoad: Wait for page load successfully

2018-11-26 15:21:29 - [MESSAGE][PASSED] - Wait for page load successfully]]></system-out>
         <system-err><![CDATA[]]></system-err>
      </testcase>
      <testcase name="Test Cases/Login/LiderLogin" classname="Test Cases/Login/LiderLogin" status="PASSED">
         <system-out><![CDATA[2018-11-26 15:21:29 - [TEST_CASE][PASSED] - Test Cases/Login/LiderLogin: Test Cases/Login/LiderLogin

2018-11-26 15:21:29 - [TEST_STEP][PASSED] - click: Object: 'Object Repository/Inicio/Login/a_Login' is clicked on

2018-11-26 15:21:30 - [MESSAGE][PASSED] - Object: 'Object Repository/Inicio/Login/a_Login' is clicked on

2018-11-26 15:21:30 - [TEST_STEP][PASSED] - setText: Text '1232' is set on object 'Object Repository/Inicio/Login/input_Documento_dni'

2018-11-26 15:21:30 - [MESSAGE][PASSED] - Text '1232' is set on object 'Object Repository/Inicio/Login/input_Documento_dni'

2018-11-26 15:21:30 - [TEST_STEP][PASSED] - setEncryptedText: Text ****** has been set on object 'Object Repository/Inicio/Login/input_Contrasea_password'

2018-11-26 15:21:31 - [MESSAGE][PASSED] - Text ****** has been set on object 'Object Repository/Inicio/Login/input_Contrasea_password'

2018-11-26 15:21:31 - [TEST_STEP][PASSED] - click: Object: 'Object Repository/Inicio/Login/button_Login' is clicked on

2018-11-26 15:21:33 - [MESSAGE][PASSED] - Object: 'Object Repository/Inicio/Login/button_Login' is clicked on]]></system-out>
         <system-err><![CDATA[]]></system-err>
      </testcase>
      <testcase name="Test Cases/Dashboard/LiderVertifyDashboard" classname="Test Cases/Dashboard/LiderVertifyDashboard" status="PASSED">
         <system-out><![CDATA[2018-11-26 15:21:33 - [TEST_CASE][PASSED] - Test Cases/Dashboard/LiderVertifyDashboard: Test Cases/Dashboard/LiderVertifyDashboard

2018-11-26 15:21:34 - [TEST_STEP][PASSED] - waitForPageLoad: Wait for page load successfully

2018-11-26 15:21:34 - [MESSAGE][PASSED] - Wait for page load successfully

2018-11-26 15:21:34 - [TEST_STEP][PASSED] - verifyElementText: Actual text and expected text of test object 'Object Repository/Dashboard/MainModule/Lider/h2_BIENVENIDO LIDER' are matched.

2018-11-26 15:21:34 - [MESSAGE][PASSED] - Actual text and expected text of test object 'Object Repository/Dashboard/MainModule/Lider/h2_BIENVENIDO LIDER' are matched.

2018-11-26 15:21:34 - [TEST_STEP][PASSED] - verifyElementText: Actual text and expected text of test object 'Object Repository/Dashboard/BreadcrumbsModule/Lider/a_Lider' are matched.

2018-11-26 15:21:34 - [MESSAGE][PASSED] - Actual text and expected text of test object 'Object Repository/Dashboard/BreadcrumbsModule/Lider/a_Lider' are matched.]]></system-out>
         <system-err><![CDATA[]]></system-err>
      </testcase>
      <testcase name="Test Cases/LogOut/LogOutAllUsers" classname="Test Cases/LogOut/LogOutAllUsers" status="PASSED">
         <system-out><![CDATA[2018-11-26 15:21:34 - [TEST_CASE][PASSED] - Test Cases/LogOut/LogOutAllUsers: Test Cases/LogOut/LogOutAllUsers

2018-11-26 15:21:34 - [TEST_STEP][PASSED] - waitForPageLoad: Wait for page load successfully

2018-11-26 15:21:34 - [MESSAGE][PASSED] - Wait for page load successfully

2018-11-26 15:21:34 - [TEST_STEP][PASSED] - click: Object: 'Object Repository/Dashboard/HeaderModule/a_menuUsuario' is clicked on

2018-11-26 15:21:35 - [MESSAGE][PASSED] - Object: 'Object Repository/Dashboard/HeaderModule/a_menuUsuario' is clicked on

2018-11-26 15:21:35 - [TEST_STEP][PASSED] - click: Object: 'Object Repository/Dashboard/HeaderModule/a_CerrarSesion' is clicked on

2018-11-26 15:21:37 - [MESSAGE][PASSED] - Object: 'Object Repository/Dashboard/HeaderModule/a_CerrarSesion' is clicked on

2018-11-26 15:21:37 - [TEST_STEP][PASSED] - waitForPageLoad: Wait for page load successfully

2018-11-26 15:21:37 - [MESSAGE][PASSED] - Wait for page load successfully

2018-11-26 15:21:37 - [TEST_STEP][PASSED] - verifyElementText: Actual text and expected text of test object 'Object Repository/Inicio/h2_HORARIO DE FORMACION E INFO' are matched.

2018-11-26 15:21:37 - [MESSAGE][PASSED] - Actual text and expected text of test object 'Object Repository/Inicio/h2_HORARIO DE FORMACION E INFO' are matched.

2018-11-26 15:21:37 - [TEST_STEP][PASSED] - delay: Delayed 2 second(s)

2018-11-26 15:21:39 - [MESSAGE][PASSED] - Delayed 2 second(s)

2018-11-26 15:21:39 - [TEST_STEP][PASSED] - closeBrowser: Browser is closed

2018-11-26 15:21:40 - [MESSAGE][PASSED] - Browser is closed]]></system-out>
         <system-err><![CDATA[]]></system-err>
      </testcase>
      <system-out><![CDATA[2018-11-26 15:21:26 - [TEST_SUITE][PASSED] - LiderLogin-LogOut: Test Cases/LogOut/LogOutAllUsers]]></system-out>
      <system-err><![CDATA[]]></system-err>
   </testsuite>
</testsuites>
