<?xml version="1.0" encoding="UTF-8"?>
<testsuites name="04.01-AdministrarProgramasFormacion" time="15" tests="4" failures="0" errors="0">
   <testsuite name="04.01-AdministrarProgramasFormacion" tests="4" failures="0" errors="0" time="15" timestamp="2018-11-26 16:35:21" hostname="SOPORTE - 192.168.1.154" id="Test Suites/Module/04-Formacion/04.01-ProgramaFormacion/04.01-AdministrarProgramasFormacion">
      <properties>
         <property name="deviceName" value=""/>
         <property name="devicePlatform" value=""/>
         <property name="logFolder" value="C:\\wamp64\\www\\SCHEDUS\\Testing_SCHEDUS\\Reports\\Module\\04-Formacion\\04.01-ProgramaFormacion\\04.01-AdministrarProgramasFormacion\\20181126_163520"/>
         <property name="logFiles" value="C:\\wamp64\\www\\SCHEDUS\\Testing_SCHEDUS\\Reports\\Module\\04-Formacion\\04.01-ProgramaFormacion\\04.01-AdministrarProgramasFormacion\\20181126_163520\\execution0.log"/>
         <property name="attachments" value=""/>
         <property name="hostName" value="SOPORTE - 192.168.1.154"/>
         <property name="os" value="Windows 10 64bit"/>
         <property name="katalonVersion" value="5.8.6.1"/>
         <property name="browser" value="Firefox 63.0"/>
         <property name="hostAddress" value="192.168.1.154"/>
         <property name="sessionId" value="fb6fd90c-e045-4028-bfbe-df4257b98a59"/>
         <property name="seleniumVersion" value="3.7.1"/>
         <property name="proxyInformation" value="ProxyInformation{proxyOption=NO_PROXY, proxyServerType=HTTP, password=, proxyServerAddress=, proxyServerPort=0}"/>
         <property name="platform" value="Windows 10"/>
      </properties>
      <testcase name="Test Cases/OpenBrowserAppProject" classname="Test Cases/OpenBrowserAppProject" status="PASSED">
         <system-out><![CDATA[2018-11-26 16:35:21 - [TEST_CASE][PASSED] - Test Cases/OpenBrowserAppProject: Test Cases/OpenBrowserAppProject

2018-11-26 16:35:22 - [TEST_STEP][PASSED] - openBrowser: Browser is opened with url: ''

2018-11-26 16:35:27 - [MESSAGE][PASSED] - Browser is opened with url: ''

2018-11-26 16:35:27 - [TEST_STEP][PASSED] - navigateToUrl: Navigate to 'http://localhost/SCHEDUS/' successfully

2018-11-26 16:35:28 - [MESSAGE][PASSED] - Navigate to 'http://localhost/SCHEDUS/' successfully

2018-11-26 16:35:28 - [TEST_STEP][PASSED] - waitForPageLoad: Wait for page load successfully

2018-11-26 16:35:28 - [MESSAGE][PASSED] - Wait for page load successfully]]></system-out>
         <system-err><![CDATA[]]></system-err>
      </testcase>
      <testcase name="Test Cases/Login/LiderLogin" classname="Test Cases/Login/LiderLogin" status="PASSED">
         <system-out><![CDATA[2018-11-26 16:35:28 - [TEST_CASE][PASSED] - Test Cases/Login/LiderLogin: Test Cases/Login/LiderLogin

2018-11-26 16:35:28 - [TEST_STEP][PASSED] - click: Object: 'Object Repository/Inicio/Login/a_Login' is clicked on

2018-11-26 16:35:28 - [MESSAGE][PASSED] - Object: 'Object Repository/Inicio/Login/a_Login' is clicked on

2018-11-26 16:35:28 - [TEST_STEP][PASSED] - setText: Text '1232' is set on object 'Object Repository/Inicio/Login/input_Documento_dni'

2018-11-26 16:35:28 - [MESSAGE][PASSED] - Text '1232' is set on object 'Object Repository/Inicio/Login/input_Documento_dni'

2018-11-26 16:35:28 - [TEST_STEP][PASSED] - setEncryptedText: Text ****** has been set on object 'Object Repository/Inicio/Login/input_Contrasea_password'

2018-11-26 16:35:28 - [MESSAGE][PASSED] - Text ****** has been set on object 'Object Repository/Inicio/Login/input_Contrasea_password'

2018-11-26 16:35:28 - [TEST_STEP][PASSED] - click: Object: 'Object Repository/Inicio/Login/button_Login' is clicked on

2018-11-26 16:35:29 - [MESSAGE][PASSED] - Object: 'Object Repository/Inicio/Login/button_Login' is clicked on]]></system-out>
         <system-err><![CDATA[]]></system-err>
      </testcase>
      <testcase name="Test Cases/Dashboard/Lider/Module/04-Formacion/04.01-Programa/Accede modulo programa de formacion" classname="Test Cases/Dashboard/Lider/Module/04-Formacion/04.01-Programa/Accede modulo programa de formacion" status="PASSED">
         <system-out><![CDATA[2018-11-26 16:35:29 - [TEST_CASE][PASSED] - Test Cases/Dashboard/Lider/Module/04-Formacion/04.01-Programa/Accede modulo programa de formacion: Test Cases/Dashboard/Lider/Module/04-Formacion/04.01-Programa/Accede modulo programa de formacion

2018-11-26 16:35:29 - [TEST_STEP][PASSED] - waitForPageLoad: Wait for page load successfully

2018-11-26 16:35:29 - [MESSAGE][PASSED] - Wait for page load successfully

2018-11-26 16:35:29 - [TEST_STEP][PASSED] - click: Object: 'Object Repository/Dashboard/Sidebar/Lider/04-Formacion/a_MenuFormacion' is clicked on

2018-11-26 16:35:30 - [MESSAGE][PASSED] - Object: 'Object Repository/Dashboard/Sidebar/Lider/04-Formacion/a_MenuFormacion' is clicked on

2018-11-26 16:35:30 - [TEST_STEP][PASSED] - click: Object: 'Object Repository/Dashboard/Sidebar/Lider/04-Formacion/SubModule/a_MenuPrograma' is clicked on

2018-11-26 16:35:30 - [MESSAGE][PASSED] - Object: 'Object Repository/Dashboard/Sidebar/Lider/04-Formacion/SubModule/a_MenuPrograma' is clicked on]]></system-out>
         <system-err><![CDATA[]]></system-err>
      </testcase>
      <testcase name="Test Cases/Dashboard/Lider/Module/04-Formacion/04.01-Programa/VertifyBreadcrumbsPrograma" classname="Test Cases/Dashboard/Lider/Module/04-Formacion/04.01-Programa/VertifyBreadcrumbsPrograma" status="PASSED">
         <system-out><![CDATA[2018-11-26 16:35:30 - [TEST_CASE][PASSED] - Test Cases/Dashboard/Lider/Module/04-Formacion/04.01-Programa/VertifyBreadcrumbsPrograma: Test Cases/Dashboard/Lider/Module/04-Formacion/04.01-Programa/VertifyBreadcrumbsPrograma

2018-11-26 16:35:30 - [TEST_STEP][PASSED] - waitForPageLoad: Wait for page load successfully

2018-11-26 16:35:30 - [MESSAGE][PASSED] - Wait for page load successfully

2018-11-26 16:35:30 - [TEST_STEP][PASSED] - verifyElementText: Actual text and expected text of test object 'Object Repository/Dashboard/MainModule/Lider/04-Formacion/04.01-ProgramaFormacion/breadcrumb_AdministrarProgramasFormacion' are matched.

2018-11-26 16:35:30 - [MESSAGE][PASSED] - Actual text and expected text of test object 'Object Repository/Dashboard/MainModule/Lider/04-Formacion/04.01-ProgramaFormacion/breadcrumb_AdministrarProgramasFormacion' are matched.

2018-11-26 16:35:30 - [TEST_STEP][PASSED] - delay: Delayed 2 second(s)

2018-11-26 16:35:32 - [MESSAGE][PASSED] - Delayed 2 second(s)

2018-11-26 16:35:32 - [TEST_STEP][PASSED] - verifyTextPresent: Text '' is present on page 

2018-11-26 16:35:33 - [MESSAGE][PASSED] - Text '' is present on page 

2018-11-26 16:35:33 - [TEST_STEP][PASSED] - delay: Delayed 2 second(s)

2018-11-26 16:35:35 - [MESSAGE][PASSED] - Delayed 2 second(s)]]></system-out>
         <system-err><![CDATA[]]></system-err>
      </testcase>
      <system-out><![CDATA[2018-11-26 16:35:21 - [TEST_SUITE][PASSED] - 04.01-AdministrarProgramasFormacion: Test Cases/Dashboard/Lider/Module/04-Formacion/04.01-Programa/VertifyBreadcrumbsPrograma]]></system-out>
      <system-err><![CDATA[]]></system-err>
   </testsuite>
</testsuites>
