<?xml version="1.0" encoding="UTF-8"?>
<testsuites name="CoordinadorLogin-LogOut" time="12" tests="3" failures="0" errors="0">
   <testsuite name="CoordinadorLogin-LogOut" tests="3" failures="0" errors="0" time="12" timestamp="2018-11-26 15:08:39" hostname="SOPORTE - 192.168.1.154" id="Test Suites/Login/CoordinadorLogin-LogOut">
      <properties>
         <property name="deviceName" value=""/>
         <property name="devicePlatform" value=""/>
         <property name="logFolder" value="C:\\wamp64\\www\\SCHEDUS\\Testing_SCHEDUS\\Reports\\Login\\CoordinadorLogin-LogOut\\20181126_150834"/>
         <property name="logFiles" value="C:\\wamp64\\www\\SCHEDUS\\Testing_SCHEDUS\\Reports\\Login\\CoordinadorLogin-LogOut\\20181126_150834\\execution0.log"/>
         <property name="attachments" value=""/>
         <property name="hostName" value="SOPORTE - 192.168.1.154"/>
         <property name="os" value="Windows 10 64bit"/>
         <property name="katalonVersion" value="5.8.6.1"/>
         <property name="browser" value="Chrome 70.0.3538.102"/>
         <property name="hostAddress" value="192.168.1.154"/>
         <property name="sessionId" value="f94351474a7aafe80d8ba975258bc634"/>
         <property name="seleniumVersion" value="3.7.1"/>
         <property name="proxyInformation" value="ProxyInformation{proxyOption=NO_PROXY, proxyServerType=HTTP, password=, proxyServerAddress=, proxyServerPort=0}"/>
         <property name="platform" value="Windows 10"/>
      </properties>
      <testcase name="Test Cases/OpenBrowserAppProject" classname="Test Cases/OpenBrowserAppProject" status="PASSED">
         <system-out><![CDATA[2018-11-26 15:08:40 - [TEST_CASE][PASSED] - Test Cases/OpenBrowserAppProject: Test Cases/OpenBrowserAppProject

2018-11-26 15:08:40 - [TEST_STEP][PASSED] - openBrowser: Browser is opened with url: ''

2018-11-26 15:08:43 - [MESSAGE][PASSED] - Browser is opened with url: ''

2018-11-26 15:08:43 - [TEST_STEP][PASSED] - navigateToUrl: Navigate to 'http://localhost/SCHEDUS/' successfully

2018-11-26 15:08:46 - [MESSAGE][PASSED] - Navigate to 'http://localhost/SCHEDUS/' successfully

2018-11-26 15:08:46 - [TEST_STEP][PASSED] - waitForPageLoad: Wait for page load successfully

2018-11-26 15:08:46 - [MESSAGE][PASSED] - Wait for page load successfully]]></system-out>
         <system-err><![CDATA[]]></system-err>
      </testcase>
      <testcase name="Test Cases/Login/CoordinadorLogin" classname="Test Cases/Login/CoordinadorLogin" status="PASSED">
         <system-out><![CDATA[2018-11-26 15:08:46 - [TEST_CASE][PASSED] - Test Cases/Login/CoordinadorLogin: Test Cases/Login/CoordinadorLogin

2018-11-26 15:08:46 - [TEST_STEP][NOT_RUN] - openBrowser: NOT_RUN: openBrowser

2018-11-26 15:08:46 - [MESSAGE][NOT_RUN] - NOT_RUN: openBrowser

2018-11-26 15:08:46 - [TEST_STEP][NOT_RUN] - navigateToUrl: NOT_RUN: navigateToUrl

2018-11-26 15:08:46 - [MESSAGE][NOT_RUN] - NOT_RUN: navigateToUrl

2018-11-26 15:08:46 - [TEST_STEP][NOT_RUN] - waitForPageLoad: NOT_RUN: waitForPageLoad

2018-11-26 15:08:46 - [MESSAGE][NOT_RUN] - NOT_RUN: waitForPageLoad

2018-11-26 15:08:46 - [TEST_STEP][PASSED] - click: Object: 'Object Repository/Inicio/Login/a_Login' is clicked on

2018-11-26 15:08:46 - [MESSAGE][PASSED] - Object: 'Object Repository/Inicio/Login/a_Login' is clicked on

2018-11-26 15:08:46 - [TEST_STEP][PASSED] - setText: Text '1231' is set on object 'Object Repository/Inicio/Login/input_Documento_dni'

2018-11-26 15:08:46 - [MESSAGE][PASSED] - Text '1231' is set on object 'Object Repository/Inicio/Login/input_Documento_dni'

2018-11-26 15:08:46 - [TEST_STEP][PASSED] - setEncryptedText: Text ****** has been set on object 'Object Repository/Inicio/Login/input_Contrasea_password'

2018-11-26 15:08:47 - [MESSAGE][PASSED] - Text ****** has been set on object 'Object Repository/Inicio/Login/input_Contrasea_password'

2018-11-26 15:08:47 - [TEST_STEP][PASSED] - click: Object: 'Object Repository/Inicio/Login/button_Login' is clicked on

2018-11-26 15:08:48 - [MESSAGE][PASSED] - Object: 'Object Repository/Inicio/Login/button_Login' is clicked on

2018-11-26 15:08:48 - [TEST_STEP][PASSED] - waitForPageLoad: Wait for page load successfully

2018-11-26 15:08:48 - [MESSAGE][PASSED] - Wait for page load successfully

2018-11-26 15:08:48 - [TEST_STEP][PASSED] - verifyElementText: Actual text and expected text of test object 'Object Repository/Dashboard/MainModule/Coordinador/h2_BIENVENIDO COORDINADOR' are matched.

2018-11-26 15:08:48 - [MESSAGE][PASSED] - Actual text and expected text of test object 'Object Repository/Dashboard/MainModule/Coordinador/h2_BIENVENIDO COORDINADOR' are matched.

2018-11-26 15:08:48 - [TEST_STEP][PASSED] - verifyElementText: Actual text and expected text of test object 'Object Repository/Dashboard/BreadcrumbsModule/Coordinador/a_Coordinador' are matched.

2018-11-26 15:08:48 - [MESSAGE][PASSED] - Actual text and expected text of test object 'Object Repository/Dashboard/BreadcrumbsModule/Coordinador/a_Coordinador' are matched.]]></system-out>
         <system-err><![CDATA[]]></system-err>
      </testcase>
      <testcase name="Test Cases/LogOut/LogOutAllUsers" classname="Test Cases/LogOut/LogOutAllUsers" status="PASSED">
         <system-out><![CDATA[2018-11-26 15:08:48 - [TEST_CASE][PASSED] - Test Cases/LogOut/LogOutAllUsers: Test Cases/LogOut/LogOutAllUsers

2018-11-26 15:08:48 - [TEST_STEP][PASSED] - click: Object: 'Object Repository/Dashboard/HeaderModule/a_menuUsuario' is clicked on

2018-11-26 15:08:48 - [MESSAGE][PASSED] - Object: 'Object Repository/Dashboard/HeaderModule/a_menuUsuario' is clicked on

2018-11-26 15:08:48 - [TEST_STEP][PASSED] - click: Object: 'Object Repository/Dashboard/HeaderModule/a_CerrarSesion' is clicked on

2018-11-26 15:08:49 - [MESSAGE][PASSED] - Object: 'Object Repository/Dashboard/HeaderModule/a_CerrarSesion' is clicked on

2018-11-26 15:08:49 - [TEST_STEP][PASSED] - verifyElementText: Actual text and expected text of test object 'Object Repository/Inicio/h2_HORARIO DE FORMACION E INFO' are matched.

2018-11-26 15:08:49 - [MESSAGE][PASSED] - Actual text and expected text of test object 'Object Repository/Inicio/h2_HORARIO DE FORMACION E INFO' are matched.

2018-11-26 15:08:49 - [TEST_STEP][PASSED] - delay: Delayed 2 second(s)

2018-11-26 15:08:51 - [MESSAGE][PASSED] - Delayed 2 second(s)

2018-11-26 15:08:51 - [TEST_STEP][PASSED] - closeBrowser: Browser is closed

2018-11-26 15:08:51 - [MESSAGE][PASSED] - Browser is closed]]></system-out>
         <system-err><![CDATA[]]></system-err>
      </testcase>
      <system-out><![CDATA[2018-11-26 15:08:39 - [TEST_SUITE][PASSED] - CoordinadorLogin-LogOut: Test Cases/LogOut/LogOutAllUsers]]></system-out>
      <system-err><![CDATA[]]></system-err>
   </testsuite>
</testsuites>
