<?xml version="1.0" encoding="UTF-8"?>
<testsuites name="CoordinadorLogin-LogOut" time="15" tests="2" failures="0" errors="0">
   <testsuite name="CoordinadorLogin-LogOut" tests="2" failures="0" errors="0" time="15" timestamp="2018-11-24 12:19:40" hostname="SOPORTE - 192.168.1.154" id="Test Suites/Login/CoordinadorLogin-LogOut">
      <properties>
         <property name="deviceName" value=""/>
         <property name="devicePlatform" value=""/>
         <property name="logFolder" value="C:\\wamp64\\www\\SCHEDUS\\Testing_SCHEDUS\\Reports\\Login\\CoordinadorLogin-LogOut\\20181124_121802"/>
         <property name="logFiles" value="C:\\wamp64\\www\\SCHEDUS\\Testing_SCHEDUS\\Reports\\Login\\CoordinadorLogin-LogOut\\20181124_121802\\execution0.log, C:\\wamp64\\www\\SCHEDUS\\Testing_SCHEDUS\\Reports\\Login\\CoordinadorLogin-LogOut\\20181124_121802\\IEDriverServer.log"/>
         <property name="attachments" value=""/>
         <property name="hostName" value="SOPORTE - 192.168.1.154"/>
         <property name="os" value="Windows 10 64bit"/>
         <property name="katalonVersion" value="5.8.6.1"/>
         <property name="browser" value="IE 11"/>
         <property name="hostAddress" value="192.168.1.154"/>
         <property name="sessionId" value="e270d151-10e0-48b3-89e6-8cd41879021c"/>
         <property name="seleniumVersion" value="3.7.1"/>
         <property name="proxyInformation" value="ProxyInformation{proxyOption=NO_PROXY, proxyServerType=HTTP, password=, proxyServerAddress=, proxyServerPort=0}"/>
         <property name="platform" value="Windows 10"/>
      </properties>
      <testcase name="Test Cases/Login/CoordinadorLogin" classname="Test Cases/Login/CoordinadorLogin" status="PASSED">
         <system-out><![CDATA[2018-11-24 12:19:40 - [TEST_CASE][PASSED] - Test Cases/Login/CoordinadorLogin: Test Cases/Login/CoordinadorLogin

2018-11-24 12:19:40 - [TEST_STEP][PASSED] - openBrowser: Browser is opened with url: ''

2018-11-24 12:19:43 - [MESSAGE][PASSED] - Browser is opened with url: ''

2018-11-24 12:19:43 - [TEST_STEP][PASSED] - navigateToUrl: Navigate to 'http://localhost/SCHEDUS/' successfully

2018-11-24 12:19:43 - [MESSAGE][PASSED] - Navigate to 'http://localhost/SCHEDUS/' successfully

2018-11-24 12:19:43 - [TEST_STEP][PASSED] - click: Object: 'Object Repository/Inicio/Login/a_Login' is clicked on

2018-11-24 12:19:44 - [MESSAGE][PASSED] - Object: 'Object Repository/Inicio/Login/a_Login' is clicked on

2018-11-24 12:19:44 - [TEST_STEP][PASSED] - setText: Text '1231' is set on object 'Object Repository/Inicio/Login/input_Documento_dni'

2018-11-24 12:19:44 - [MESSAGE][PASSED] - Text '1231' is set on object 'Object Repository/Inicio/Login/input_Documento_dni'

2018-11-24 12:19:44 - [TEST_STEP][PASSED] - setEncryptedText: Text ****** has been set on object 'Object Repository/Inicio/Login/input_Contrasea_password'

2018-11-24 12:19:45 - [MESSAGE][PASSED] - Text ****** has been set on object 'Object Repository/Inicio/Login/input_Contrasea_password'

2018-11-24 12:19:45 - [TEST_STEP][PASSED] - click: Object: 'Object Repository/Inicio/Login/button_Login' is clicked on

2018-11-24 12:19:47 - [MESSAGE][PASSED] - Object: 'Object Repository/Inicio/Login/button_Login' is clicked on

2018-11-24 12:19:47 - [TEST_STEP][PASSED] - verifyElementText: Actual text and expected text of test object 'Object Repository/Dashboard/MainModule/Coordinador/h2_BIENVENIDO COORDINADOR' are matched.

2018-11-24 12:19:48 - [MESSAGE][PASSED] - Actual text and expected text of test object 'Object Repository/Dashboard/MainModule/Coordinador/h2_BIENVENIDO COORDINADOR' are matched.

2018-11-24 12:19:48 - [TEST_STEP][PASSED] - verifyElementText: Actual text and expected text of test object 'Object Repository/Dashboard/BreadcrumbsModule/Coordinador/a_Coordinador' are matched.

2018-11-24 12:19:48 - [MESSAGE][PASSED] - Actual text and expected text of test object 'Object Repository/Dashboard/BreadcrumbsModule/Coordinador/a_Coordinador' are matched.

2018-11-24 12:19:48 - [TEST_STEP][PASSED] - delay: Delayed 2 second(s)

2018-11-24 12:19:50 - [MESSAGE][PASSED] - Delayed 2 second(s)]]></system-out>
         <system-err><![CDATA[]]></system-err>
      </testcase>
      <testcase name="Test Cases/LogOut/LogOutAllUsers" classname="Test Cases/LogOut/LogOutAllUsers" status="PASSED">
         <system-out><![CDATA[2018-11-24 12:19:50 - [TEST_CASE][PASSED] - Test Cases/LogOut/LogOutAllUsers: Test Cases/LogOut/LogOutAllUsers

2018-11-24 12:19:50 - [TEST_STEP][PASSED] - click: Object: 'Object Repository/Dashboard/HeaderModule/a_menuUsuario' is clicked on

2018-11-24 12:19:51 - [MESSAGE][PASSED] - Object: 'Object Repository/Dashboard/HeaderModule/a_menuUsuario' is clicked on

2018-11-24 12:19:51 - [TEST_STEP][PASSED] - click: Object: 'Object Repository/Dashboard/HeaderModule/a_CerrarSesion' is clicked on

2018-11-24 12:19:52 - [MESSAGE][PASSED] - Object: 'Object Repository/Dashboard/HeaderModule/a_CerrarSesion' is clicked on

2018-11-24 12:19:52 - [TEST_STEP][PASSED] - verifyElementText: Actual text and expected text of test object 'Object Repository/Inicio/h2_HORARIO DE FORMACION E INFO' are matched.

2018-11-24 12:19:53 - [MESSAGE][PASSED] - Actual text and expected text of test object 'Object Repository/Inicio/h2_HORARIO DE FORMACION E INFO' are matched.

2018-11-24 12:19:53 - [TEST_STEP][PASSED] - delay: Delayed 2 second(s)

2018-11-24 12:19:55 - [MESSAGE][PASSED] - Delayed 2 second(s)

2018-11-24 12:19:55 - [TEST_STEP][PASSED] - closeBrowser: Browser is closed

2018-11-24 12:19:55 - [MESSAGE][PASSED] - Browser is closed]]></system-out>
         <system-err><![CDATA[]]></system-err>
      </testcase>
      <system-out><![CDATA[2018-11-24 12:19:40 - [TEST_SUITE][PASSED] - CoordinadorLogin-LogOut: Test Cases/LogOut/LogOutAllUsers]]></system-out>
      <system-err><![CDATA[]]></system-err>
   </testsuite>
</testsuites>
