<?xml version="1.0" encoding="UTF-8"?>
<testsuites name="LiderLogin-LogOut" time="15" tests="2" failures="0" errors="0">
   <testsuite name="LiderLogin-LogOut" tests="2" failures="0" errors="0" time="15" timestamp="2018-11-24 12:19:58" hostname="SOPORTE - 192.168.1.154" id="Test Suites/Login/LiderLogin-LogOut">
      <properties>
         <property name="deviceName" value=""/>
         <property name="devicePlatform" value=""/>
         <property name="logFolder" value="C:\\wamp64\\www\\SCHEDUS\\Testing_SCHEDUS\\Reports\\Login\\LiderLogin-LogOut\\20181124_121802"/>
         <property name="logFiles" value="C:\\wamp64\\www\\SCHEDUS\\Testing_SCHEDUS\\Reports\\Login\\LiderLogin-LogOut\\20181124_121802\\execution0.log, C:\\wamp64\\www\\SCHEDUS\\Testing_SCHEDUS\\Reports\\Login\\LiderLogin-LogOut\\20181124_121802\\IEDriverServer.log"/>
         <property name="attachments" value=""/>
         <property name="hostName" value="SOPORTE - 192.168.1.154"/>
         <property name="os" value="Windows 10 64bit"/>
         <property name="katalonVersion" value="5.8.6.1"/>
         <property name="browser" value="IE 11"/>
         <property name="hostAddress" value="192.168.1.154"/>
         <property name="sessionId" value="21c60b8c-788e-4ef3-8ec3-3142cbfc442f"/>
         <property name="seleniumVersion" value="3.7.1"/>
         <property name="proxyInformation" value="ProxyInformation{proxyOption=NO_PROXY, proxyServerType=HTTP, password=, proxyServerAddress=, proxyServerPort=0}"/>
         <property name="platform" value="Windows 10"/>
      </properties>
      <testcase name="Test Cases/Login/LiderLogin" classname="Test Cases/Login/LiderLogin" status="PASSED">
         <system-out><![CDATA[2018-11-24 12:19:58 - [TEST_CASE][PASSED] - Test Cases/Login/LiderLogin: Test Cases/Login/LiderLogin

2018-11-24 12:19:58 - [TEST_STEP][PASSED] - openBrowser: Browser is opened with url: ''

2018-11-24 12:20:00 - [MESSAGE][PASSED] - Browser is opened with url: ''

2018-11-24 12:20:00 - [TEST_STEP][PASSED] - navigateToUrl: Navigate to 'http://localhost/SCHEDUS/' successfully

2018-11-24 12:20:01 - [MESSAGE][PASSED] - Navigate to 'http://localhost/SCHEDUS/' successfully

2018-11-24 12:20:01 - [TEST_STEP][PASSED] - click: Object: 'Object Repository/Inicio/Login/a_Login' is clicked on

2018-11-24 12:20:02 - [MESSAGE][PASSED] - Object: 'Object Repository/Inicio/Login/a_Login' is clicked on

2018-11-24 12:20:02 - [TEST_STEP][PASSED] - setText: Text '1232' is set on object 'Object Repository/Inicio/Login/input_Documento_dni'

2018-11-24 12:20:02 - [MESSAGE][PASSED] - Text '1232' is set on object 'Object Repository/Inicio/Login/input_Documento_dni'

2018-11-24 12:20:02 - [TEST_STEP][PASSED] - setEncryptedText: Text ****** has been set on object 'Object Repository/Inicio/Login/input_Contrasea_password'

2018-11-24 12:20:03 - [MESSAGE][PASSED] - Text ****** has been set on object 'Object Repository/Inicio/Login/input_Contrasea_password'

2018-11-24 12:20:03 - [TEST_STEP][PASSED] - click: Object: 'Object Repository/Inicio/Login/button_Login' is clicked on

2018-11-24 12:20:05 - [MESSAGE][PASSED] - Object: 'Object Repository/Inicio/Login/button_Login' is clicked on

2018-11-24 12:20:05 - [TEST_STEP][PASSED] - verifyElementText: Actual text and expected text of test object 'Object Repository/Dashboard/MainModule/Lider/h2_BIENVENIDO LIDER' are matched.

2018-11-24 12:20:05 - [MESSAGE][PASSED] - Actual text and expected text of test object 'Object Repository/Dashboard/MainModule/Lider/h2_BIENVENIDO LIDER' are matched.

2018-11-24 12:20:05 - [TEST_STEP][PASSED] - verifyElementText: Actual text and expected text of test object 'Object Repository/Dashboard/BreadcrumbsModule/Lider/a_Lider' are matched.

2018-11-24 12:20:05 - [MESSAGE][PASSED] - Actual text and expected text of test object 'Object Repository/Dashboard/BreadcrumbsModule/Lider/a_Lider' are matched.

2018-11-24 12:20:05 - [TEST_STEP][PASSED] - delay: Delayed 2 second(s)

2018-11-24 12:20:07 - [MESSAGE][PASSED] - Delayed 2 second(s)]]></system-out>
         <system-err><![CDATA[]]></system-err>
      </testcase>
      <testcase name="Test Cases/LogOut/LogOutAllUsers" classname="Test Cases/LogOut/LogOutAllUsers" status="PASSED">
         <system-out><![CDATA[2018-11-24 12:20:07 - [TEST_CASE][PASSED] - Test Cases/LogOut/LogOutAllUsers: Test Cases/LogOut/LogOutAllUsers

2018-11-24 12:20:07 - [TEST_STEP][PASSED] - click: Object: 'Object Repository/Dashboard/HeaderModule/a_menuUsuario' is clicked on

2018-11-24 12:20:08 - [MESSAGE][PASSED] - Object: 'Object Repository/Dashboard/HeaderModule/a_menuUsuario' is clicked on

2018-11-24 12:20:08 - [TEST_STEP][PASSED] - click: Object: 'Object Repository/Dashboard/HeaderModule/a_CerrarSesion' is clicked on

2018-11-24 12:20:10 - [MESSAGE][PASSED] - Object: 'Object Repository/Dashboard/HeaderModule/a_CerrarSesion' is clicked on

2018-11-24 12:20:10 - [TEST_STEP][PASSED] - verifyElementText: Actual text and expected text of test object 'Object Repository/Inicio/h2_HORARIO DE FORMACION E INFO' are matched.

2018-11-24 12:20:10 - [MESSAGE][PASSED] - Actual text and expected text of test object 'Object Repository/Inicio/h2_HORARIO DE FORMACION E INFO' are matched.

2018-11-24 12:20:10 - [TEST_STEP][PASSED] - delay: Delayed 2 second(s)

2018-11-24 12:20:12 - [MESSAGE][PASSED] - Delayed 2 second(s)

2018-11-24 12:20:12 - [TEST_STEP][PASSED] - closeBrowser: Browser is closed

2018-11-24 12:20:13 - [MESSAGE][PASSED] - Browser is closed]]></system-out>
         <system-err><![CDATA[]]></system-err>
      </testcase>
      <system-out><![CDATA[2018-11-24 12:19:58 - [TEST_SUITE][PASSED] - LiderLogin-LogOut: Test Cases/LogOut/LogOutAllUsers]]></system-out>
      <system-err><![CDATA[]]></system-err>
   </testsuite>
</testsuites>
